<?xml version="1.0" encoding="UTF-8"?>
<testng-results skipped="0" failed="1" ignored="0" total="1" passed="0">
  <reporter-output>
  </reporter-output>
  <suite name="Default suite" duration-ms="3805" started-at="2022-09-13T13:15:20 IST" finished-at="2022-09-13T13:15:24 IST">
    <groups>
    </groups>
    <test name="Default test" duration-ms="3805" started-at="2022-09-13T13:15:20 IST" finished-at="2022-09-13T13:15:24 IST">
      <class name="scripts.TC_Account_010">
        <test-method status="PASS" signature="browserSetup(java.lang.String)[pri:0, instance:scripts.TC_Account_010@3b084709]" name="browserSetup" is-config="true" duration-ms="3014" started-at="2022-09-13T13:15:20 IST" finished-at="2022-09-13T13:15:23 IST">
          <params>
            <param index="0">
              <value>
                <![CDATA[chrome]]>
              </value>
            </param>
          </params>
          <reporter-output>
          </reporter-output>
        </test-method> <!-- browserSetup -->
        <test-method status="FAIL" signature="createAccount([Ljava.lang.String;)[pri:0, instance:scripts.TC_Account_010@3b084709]" name="createAccount" duration-ms="0" started-at="2022-09-13T13:15:23 IST" data-provider="lij" finished-at="2022-09-13T13:15:23 IST">
          <exception class="org.testng.TestNGException">
            <message>
              <![CDATA[
Method public void scripts.TC_Account_010.createAccount(java.lang.String[]) requires a @DataProvider named : lij in class scripts.RegisterPage]]>
            </message>
            <full-stacktrace>
              <![CDATA[org.testng.TestNGException: 
Method public void scripts.TC_Account_010.createAccount(java.lang.String[]) requires a @DataProvider named : lij in class scripts.RegisterPage
at org.testng.internal.Parameters.findDataProvider(Parameters.java:559)
at org.testng.internal.Parameters.handleParameters(Parameters.java:772)
at org.testng.internal.Parameters.handleParameters(Parameters.java:740)
at org.testng.internal.ParameterHandler.handleParameters(ParameterHandler.java:59)
at org.testng.internal.ParameterHandler.createParameters(ParameterHandler.java:38)
at org.testng.internal.TestInvoker$MethodInvocationAgent.invoke(TestInvoker.java:789)
at org.testng.internal.TestInvoker.invokeTestMethods(TestInvoker.java:147)
at org.testng.internal.TestMethodWorker.invokeTestMethods(TestMethodWorker.java:146)
at org.testng.internal.TestMethodWorker.run(TestMethodWorker.java:128)
at java.util.ArrayList.forEach(ArrayList.java:1257)
at org.testng.TestRunner.privateRun(TestRunner.java:764)
at org.testng.TestRunner.run(TestRunner.java:585)
at org.testng.SuiteRunner.runTest(SuiteRunner.java:384)
at org.testng.SuiteRunner.runSequentially(SuiteRunner.java:378)
at org.testng.SuiteRunner.privateRun(SuiteRunner.java:337)
at org.testng.SuiteRunner.run(SuiteRunner.java:286)
at org.testng.SuiteRunnerWorker.runSuite(SuiteRunnerWorker.java:53)
at org.testng.SuiteRunnerWorker.run(SuiteRunnerWorker.java:96)
at org.testng.TestNG.runSuitesSequentially(TestNG.java:1218)
at org.testng.TestNG.runSuitesLocally(TestNG.java:1140)
at org.testng.TestNG.runSuites(TestNG.java:1069)
at org.testng.TestNG.run(TestNG.java:1037)
at org.testng.remote.AbstractRemoteTestNG.run(AbstractRemoteTestNG.java:115)
at org.testng.remote.RemoteTestNG.initAndRun(RemoteTestNG.java:251)
at org.testng.remote.RemoteTestNG.main(RemoteTestNG.java:77)
]]>
            </full-stacktrace>
          </exception> <!-- org.testng.TestNGException -->
          <reporter-output>
          </reporter-output>
        </test-method> <!-- createAccount -->
        <test-method status="PASS" signature="browserTearDown()[pri:0, instance:scripts.TC_Account_010@3b084709]" name="browserTearDown" is-config="true" duration-ms="722" started-at="2022-09-13T13:15:23 IST" finished-at="2022-09-13T13:15:24 IST">
          <reporter-output>
          </reporter-output>
        </test-method> <!-- browserTearDown -->
      </class> <!-- scripts.TC_Account_010 -->
    </test> <!-- Default test -->
  </suite> <!-- Default suite -->
</testng-results>
